<?xml version="1.0" encoding="UTF-8"?>
<testng-results ignored="0" total="1" passed="1" failed="0" skipped="0">
  <reporter-output>
  </reporter-output>
  <suite started-at="2025-08-30T08:24:42 IST" name="Default suite" finished-at="2025-08-30T08:24:44 IST" duration-ms="1484">
    <groups>
    </groups>
    <test started-at="2025-08-30T08:24:42 IST" name="Default test" finished-at="2025-08-30T08:24:44 IST" duration-ms="1484">
      <class name="test.SumValidation">
        <test-method signature="sumOfCourses()[pri:0, instance:test.SumValidation@689604d9]" started-at="2025-08-30T08:24:42 IST" name="sumOfCourses" finished-at="2025-08-30T08:24:44 IST" duration-ms="1429" status="PASS">
          <reporter-output>
          </reporter-output>
        </test-method> <!-- sumOfCourses -->
      </class> <!-- test.SumValidation -->
    </test> <!-- Default test -->
  </suite> <!-- Default suite -->
</testng-results>
